<?xml version="1.0" encoding="UTF-8"?>
<testng-results ignored="0" total="3" passed="3" failed="0" skipped="0">
  <reporter-output>
  </reporter-output>
  <suite started-at="2021-10-25T17:41:18 EET" name="Default suite" finished-at="2021-10-25T17:41:18 EET" duration-ms="433">
    <groups>
    </groups>
    <test started-at="2021-10-25T17:41:18 EET" name="Default test" finished-at="2021-10-25T17:41:18 EET" duration-ms="433">
      <class name="rutkouski.shape.reader.LineFileReaderTest">
        <test-method is-config="true" signature="setUp()[pri:0, instance:rutkouski.shape.reader.LineFileReaderTest@78aab498]" started-at="2021-10-25T17:41:18 EET" name="setUp" finished-at="2021-10-25T17:41:18 EET" duration-ms="368" status="PASS">
          <reporter-output>
          </reporter-output>
        </test-method> <!-- setUp -->
        <test-method signature="readFileLinesCorrectTest()[pri:0, instance:rutkouski.shape.reader.LineFileReaderTest@78aab498]" started-at="2021-10-25T17:41:18 EET" name="readFileLinesCorrectTest" finished-at="2021-10-25T17:41:18 EET" duration-ms="29" status="PASS">
          <reporter-output>
          </reporter-output>
        </test-method> <!-- readFileLinesCorrectTest -->
        <test-method is-config="true" signature="tearDown()[pri:0, instance:rutkouski.shape.reader.LineFileReaderTest@78aab498]" started-at="2021-10-25T17:41:18 EET" name="tearDown" finished-at="2021-10-25T17:41:18 EET" duration-ms="0" status="PASS">
          <reporter-output>
          </reporter-output>
        </test-method> <!-- tearDown -->
        <test-method is-config="true" signature="setUp()[pri:0, instance:rutkouski.shape.reader.LineFileReaderTest@78aab498]" started-at="2021-10-25T17:41:18 EET" name="setUp" finished-at="2021-10-25T17:41:18 EET" duration-ms="0" status="PASS">
          <reporter-output>
          </reporter-output>
        </test-method> <!-- setUp -->
        <test-method signature="readFileLinesFileNotExistsTest()[pri:0, instance:rutkouski.shape.reader.LineFileReaderTest@78aab498]" started-at="2021-10-25T17:41:18 EET" name="readFileLinesFileNotExistsTest" finished-at="2021-10-25T17:41:18 EET" duration-ms="2" status="PASS">
          <exception class="com.rutkouski.shape.exception.ConeException">
            <message>
              <![CDATA[File is not found testFiles\conesList2.txt]]>
            </message>
            <full-stacktrace>
              <![CDATA[com.rutkouski.shape.exception.ConeException: File is not found testFiles\conesList2.txt
at com.rutkouski.shape.reader.impl.LineFileReaderImpl.readFileLines(LineFileReaderImpl.java:23)
at rutkouski.shape.reader.LineFileReaderTest.readFileLinesFileNotExistsTest(LineFileReaderTest.java:25)
at java.base/jdk.internal.reflect.NativeMethodAccessorImpl.invoke0(Native Method)
at java.base/jdk.internal.reflect.NativeMethodAccessorImpl.invoke(NativeMethodAccessorImpl.java:77)
at java.base/jdk.internal.reflect.DelegatingMethodAccessorImpl.invoke(DelegatingMethodAccessorImpl.java:43)
at java.base/java.lang.reflect.Method.invoke(Method.java:568)
at org.testng.internal.MethodInvocationHelper.invokeMethod(MethodInvocationHelper.java:133)
at org.testng.internal.TestInvoker.invokeMethod(TestInvoker.java:598)
at org.testng.internal.TestInvoker.invokeTestMethod(TestInvoker.java:173)
at org.testng.internal.MethodRunner.runInSequence(MethodRunner.java:46)
at org.testng.internal.TestInvoker$MethodInvocationAgent.invoke(TestInvoker.java:824)
at org.testng.internal.TestInvoker.invokeTestMethods(TestInvoker.java:146)
at org.testng.internal.TestMethodWorker.invokeTestMethods(TestMethodWorker.java:146)
at org.testng.internal.TestMethodWorker.run(TestMethodWorker.java:128)
at java.base/java.util.ArrayList.forEach(ArrayList.java:1511)
at org.testng.TestRunner.privateRun(TestRunner.java:794)
at org.testng.TestRunner.run(TestRunner.java:596)
at org.testng.SuiteRunner.runTest(SuiteRunner.java:377)
at org.testng.SuiteRunner.runSequentially(SuiteRunner.java:371)
at org.testng.SuiteRunner.privateRun(SuiteRunner.java:332)
at org.testng.SuiteRunner.run(SuiteRunner.java:276)
at org.testng.SuiteRunnerWorker.runSuite(SuiteRunnerWorker.java:53)
at org.testng.SuiteRunnerWorker.run(SuiteRunnerWorker.java:96)
at org.testng.TestNG.runSuitesSequentially(TestNG.java:1212)
at org.testng.TestNG.runSuitesLocally(TestNG.java:1134)
at org.testng.TestNG.runSuites(TestNG.java:1063)
at org.testng.TestNG.run(TestNG.java:1031)
at org.testng.remote.AbstractRemoteTestNG.run(AbstractRemoteTestNG.java:115)
at org.testng.remote.RemoteTestNG.initAndRun(RemoteTestNG.java:251)
at org.testng.remote.RemoteTestNG.main(RemoteTestNG.java:77)
]]>
            </full-stacktrace>
          </exception> <!-- com.rutkouski.shape.exception.ConeException -->
          <reporter-output>
          </reporter-output>
        </test-method> <!-- readFileLinesFileNotExistsTest -->
        <test-method is-config="true" signature="tearDown()[pri:0, instance:rutkouski.shape.reader.LineFileReaderTest@78aab498]" started-at="2021-10-25T17:41:18 EET" name="tearDown" finished-at="2021-10-25T17:41:18 EET" duration-ms="0" status="PASS">
          <reporter-output>
          </reporter-output>
        </test-method> <!-- tearDown -->
        <test-method is-config="true" signature="setUp()[pri:0, instance:rutkouski.shape.reader.LineFileReaderTest@78aab498]" started-at="2021-10-25T17:41:18 EET" name="setUp" finished-at="2021-10-25T17:41:18 EET" duration-ms="0" status="PASS">
          <reporter-output>
          </reporter-output>
        </test-method> <!-- setUp -->
        <test-method signature="readFileLinesNullPointerTest()[pri:0, instance:rutkouski.shape.reader.LineFileReaderTest@78aab498]" started-at="2021-10-25T17:41:18 EET" name="readFileLinesNullPointerTest" finished-at="2021-10-25T17:41:18 EET" duration-ms="2" status="PASS">
          <exception class="com.rutkouski.shape.exception.ConeException">
            <message>
              <![CDATA[File is not found null]]>
            </message>
            <full-stacktrace>
              <![CDATA[com.rutkouski.shape.exception.ConeException: File is not found null
at com.rutkouski.shape.reader.impl.LineFileReaderImpl.readFileLines(LineFileReaderImpl.java:23)
at rutkouski.shape.reader.LineFileReaderTest.readFileLinesNullPointerTest(LineFileReaderTest.java:30)
at java.base/jdk.internal.reflect.NativeMethodAccessorImpl.invoke0(Native Method)
at java.base/jdk.internal.reflect.NativeMethodAccessorImpl.invoke(NativeMethodAccessorImpl.java:77)
at java.base/jdk.internal.reflect.DelegatingMethodAccessorImpl.invoke(DelegatingMethodAccessorImpl.java:43)
at java.base/java.lang.reflect.Method.invoke(Method.java:568)
at org.testng.internal.MethodInvocationHelper.invokeMethod(MethodInvocationHelper.java:133)
at org.testng.internal.TestInvoker.invokeMethod(TestInvoker.java:598)
at org.testng.internal.TestInvoker.invokeTestMethod(TestInvoker.java:173)
at org.testng.internal.MethodRunner.runInSequence(MethodRunner.java:46)
at org.testng.internal.TestInvoker$MethodInvocationAgent.invoke(TestInvoker.java:824)
at org.testng.internal.TestInvoker.invokeTestMethods(TestInvoker.java:146)
at org.testng.internal.TestMethodWorker.invokeTestMethods(TestMethodWorker.java:146)
at org.testng.internal.TestMethodWorker.run(TestMethodWorker.java:128)
at java.base/java.util.ArrayList.forEach(ArrayList.java:1511)
at org.testng.TestRunner.privateRun(TestRunner.java:794)
at org.testng.TestRunner.run(TestRunner.java:596)
at org.testng.SuiteRunner.runTest(SuiteRunner.java:377)
at org.testng.SuiteRunner.runSequentially(SuiteRunner.java:371)
at org.testng.SuiteRunner.privateRun(SuiteRunner.java:332)
at org.testng.SuiteRunner.run(SuiteRunner.java:276)
at org.testng.SuiteRunnerWorker.runSuite(SuiteRunnerWorker.java:53)
at org.testng.SuiteRunnerWorker.run(SuiteRunnerWorker.java:96)
at org.testng.TestNG.runSuitesSequentially(TestNG.java:1212)
at org.testng.TestNG.runSuitesLocally(TestNG.java:1134)
at org.testng.TestNG.runSuites(TestNG.java:1063)
at org.testng.TestNG.run(TestNG.java:1031)
at org.testng.remote.AbstractRemoteTestNG.run(AbstractRemoteTestNG.java:115)
at org.testng.remote.RemoteTestNG.initAndRun(RemoteTestNG.java:251)
at org.testng.remote.RemoteTestNG.main(RemoteTestNG.java:77)
]]>
            </full-stacktrace>
          </exception> <!-- com.rutkouski.shape.exception.ConeException -->
          <reporter-output>
          </reporter-output>
        </test-method> <!-- readFileLinesNullPointerTest -->
        <test-method is-config="true" signature="tearDown()[pri:0, instance:rutkouski.shape.reader.LineFileReaderTest@78aab498]" started-at="2021-10-25T17:41:18 EET" name="tearDown" finished-at="2021-10-25T17:41:18 EET" duration-ms="0" status="PASS">
          <reporter-output>
          </reporter-output>
        </test-method> <!-- tearDown -->
      </class> <!-- rutkouski.shape.reader.LineFileReaderTest -->
    </test> <!-- Default test -->
  </suite> <!-- Default suite -->
</testng-results>
